Determining if the pthread_create exist failed with the following output:
Change Dir: /home/pi/projects/actors/build/CMakeFiles/CMakeTmp

Run Build Command:"/usr/bin/make" "cmTC_6a979/fast"
/usr/bin/make -f CMakeFiles/cmTC_6a979.dir/build.make CMakeFiles/cmTC_6a979.dir/build
make[1]: Entering directory '/home/pi/projects/actors/build/CMakeFiles/CMakeTmp'
Building CXX object CMakeFiles/cmTC_6a979.dir/CheckSymbolExists.cxx.o
/usr/bin/c++    -std=gnu++2a -o CMakeFiles/cmTC_6a979.dir/CheckSymbolExists.cxx.o -c /home/pi/projects/actors/build/CMakeFiles/CMakeTmp/CheckSymbolExists.cxx
Linking CXX executable cmTC_6a979
/usr/bin/cmake -E cmake_link_script CMakeFiles/cmTC_6a979.dir/link.txt --verbose=1
/usr/bin/c++       CMakeFiles/cmTC_6a979.dir/CheckSymbolExists.cxx.o  -o cmTC_6a979 
/usr/bin/ld: CMakeFiles/cmTC_6a979.dir/CheckSymbolExists.cxx.o: in function `main':
CheckSymbolExists.cxx:(.text+0x38): undefined reference to `pthread_create'
collect2: error: ld returned 1 exit status
make[1]: *** [CMakeFiles/cmTC_6a979.dir/build.make:87: cmTC_6a979] Error 1
make[1]: Leaving directory '/home/pi/projects/actors/build/CMakeFiles/CMakeTmp'
make: *** [Makefile:121: cmTC_6a979/fast] Error 2

File /home/pi/projects/actors/build/CMakeFiles/CMakeTmp/CheckSymbolExists.cxx:
/* */
#include <pthread.h>

int main(int argc, char** argv)
{
  (void)argv;
#ifndef pthread_create
  return ((int*)(&pthread_create))[argc];
#else
  (void)argc;
  return 0;
#endif
}

